/share/instsww/synopsys_cs250/icc/current/auxx/gui/icc/icc_setup.tcl
/share/instsww/synopsys_cs250/icc/current/auxx/gui/syn/snpsSynProcs.tcl
/share/instsww/synopsys_cs250/icc/current/auxx/tcllib/lib/tcl8.4/package.tcl
/share/instsww/synopsys_cs250/icc/current/auxx/gui/syn/layout/pkgIndex.tcl
/share/instsww/synopsys_cs250/icc/current/auxx/gui/common/WindowFrameWork/pkgIndex.tcl
/share/instsww/synopsys_cs250/icc/current/auxx/gui/common/acg/pkgIndex.tcl
/share/instsww/synopsys_cs250/icc/current/auxx/gui/common/dialogs/pkgIndex.tcl
/share/instsww/synopsys_cs250/icc/current/auxx/gui/common/docBrowser/pkgIndex.tcl
/share/instsww/synopsys_cs250/icc/current/auxx/gui/common/fanoutviewer/pkgIndex.tcl
/share/instsww/synopsys_cs250/icc/current/auxx/gui/common/hierarchy/pkgIndex.tcl
/share/instsww/synopsys_cs250/icc/current/auxx/gui/common/highlight/pkgIndex.tcl
/share/instsww/synopsys_cs250/icc/current/auxx/gui/common/histogram/pkgIndex.tcl
/share/instsww/synopsys_cs250/icc/current/auxx/gui/common/layout/pkgIndex.tcl
/share/instsww/synopsys_cs250/icc/current/auxx/gui/common/libviewer/pkgIndex.tcl
/share/instsww/synopsys_cs250/icc/current/auxx/gui/common/menus/pkgIndex.tcl
/share/instsww/synopsys_cs250/icc/current/auxx/gui/common/misc/pkgIndex.tcl
/share/instsww/synopsys_cs250/icc/current/auxx/gui/common/opdlg/pkgIndex.tcl
/share/instsww/synopsys_cs250/icc/current/auxx/gui/common/pathinspector/pkgIndex.tcl
/share/instsww/synopsys_cs250/icc/current/auxx/gui/common/profiler/pkgIndex.tcl
/share/instsww/synopsys_cs250/icc/current/auxx/gui/common/qtcl/pkgIndex.tcl
/share/instsww/synopsys_cs250/icc/current/auxx/gui/common/regressionToolkit/pkgIndex.tcl
/share/instsww/synopsys_cs250/icc/current/auxx/gui/common/schematic/pkgIndex.tcl
/share/instsww/synopsys_cs250/icc/current/auxx/gui/common/select/pkgIndex.tcl
/share/instsww/synopsys_cs250/icc/current/auxx/gui/common/setup/pkgIndex.tcl
/share/instsww/synopsys_cs250/icc/current/auxx/gui/common/strokes/pkgIndex.tcl
/share/instsww/synopsys_cs250/icc/current/auxx/gui/common/table/pkgIndex.tcl
/share/instsww/synopsys_cs250/icc/current/auxx/gui/common/tcl-dp/pkgIndex.tcl
/share/instsww/synopsys_cs250/icc/current/auxx/gui/common/timing/pkgIndex.tcl
/share/instsww/synopsys_cs250/icc/current/auxx/gui/common/view/pkgIndex.tcl
/share/instsww/synopsys_cs250/icc/current/auxx/tcllib/snps_tcl/snpsTclPro/pkgIndex.tcl
/share/instsww/synopsys_cs250/icc/current/auxx/tcllib/snps_tcl/snpsTest/pkgIndex.tcl
/share/instsww/synopsys_cs250/icc/current/auxx/tcllib/snps_tcl/snpsUtils/pkgIndex.tcl
/share/instsww/synopsys_cs250/icc/current/auxx/tcllib/snps_tcl/pkgIndex.tcl
/share/instsww/synopsys_cs250/icc/current/auxx/tcllib/lib/tcl8.4/dde/pkgIndex.tcl
/share/instsww/synopsys_cs250/icc/current/auxx/tcllib/lib/tcl8.4/http/pkgIndex.tcl
/share/instsww/synopsys_cs250/icc/current/auxx/tcllib/lib/tcl8.4/http1.0/pkgIndex.tcl
/share/instsww/synopsys_cs250/icc/current/auxx/tcllib/lib/tcl8.4/msgcat/pkgIndex.tcl
/share/instsww/synopsys_cs250/icc/current/auxx/tcllib/lib/tcl8.4/opt/pkgIndex.tcl
/share/instsww/synopsys_cs250/icc/current/auxx/tcllib/lib/tcl8.4/reg/pkgIndex.tcl
/share/instsww/synopsys_cs250/icc/current/auxx/tcllib/lib/tcl8.4/tcltest/pkgIndex.tcl
/share/instsww/synopsys_cs250/icc/current/auxx/gui/common/setup/snpsCommonSetup.tcl
/share/instsww/synopsys_cs250/icc/current/auxx/gui/common/setup/snpsCustomize.tcl
/share/instsww/synopsys_cs250/icc/current/auxx/gui/common/setup/snpsProcheck.tcl
/share/instsww/synopsys_cs250/icc/current/auxx/gui/common/qtcl/.synopsys_qtcl.tcl
/share/instsww/synopsys_cs250/icc/current/auxx/gui/common/highlight/highlight.tcl
/share/instsww/synopsys_cs250/icc/current/auxx/gui/common/misc/base.tcl
/share/instsww/synopsys_cs250/icc/current/auxx/gui/common/misc/timing.tcl
/share/instsww/synopsys_cs250/icc/current/auxx/gui/common/misc/setting.tcl
/share/instsww/synopsys_cs250/icc/current/auxx/gui/common/misc/preset.tcl
/share/instsww/synopsys_cs250/icc/current/auxx/gui/common/WindowFrameWork/windowFrameWork.tcl
/share/instsww/synopsys_cs250/icc/current/auxx/gui/common/WindowFrameWork/skipBusyCursorCmdList.tcl
/share/instsww/synopsys_cs250/icc/current/auxx/gui/common/docBrowser/docBrowser.tcl
/share/instsww/synopsys_cs250/icc/current/auxx/tcllib/snps_tcl/snpsUtils/snpsUtils.tcl
/share/instsww/synopsys_cs250/icc/current/auxx/gui/common/dialogs/ObjectChooser.tcl
/share/instsww/synopsys_cs250/icc/current/auxx/gui/common/misc/DialogObjectChooser.tcl
/share/instsww/synopsys_cs250/icc/current/auxx/gui/common/dialogs/HistBinInformation.tcl
/share/instsww/synopsys_cs250/icc/current/auxx/gui/common/dialogs/HistBin1Information.tcl
/share/instsww/synopsys_cs250/icc/current/auxx/gui/common/dialogs/BinsOnlyInformation.tcl
/share/instsww/synopsys_cs250/icc/current/auxx/gui/common/dialogs/FileChooser.tcl
/share/instsww/synopsys_cs250/icc/current/auxx/gui/common/dialogs/PathPinSimpleInfo.tcl
/share/instsww/synopsys_cs250/icc/current/auxx/gui/common/dialogs/PathsBasicInfo.tcl
/share/instsww/synopsys_cs250/icc/current/auxx/gui/common/dialogs/PathsBasicSimpleInfo.tcl
/share/instsww/synopsys_cs250/icc/current/auxx/gui/common/dialogs/SlctOperationInfo.tcl
/share/instsww/synopsys_cs250/icc/current/auxx/gui/common/dialogs/ObjectListInfo.tcl
/share/instsww/synopsys_cs250/icc/current/auxx/gui/common/dialogs/FanInOutInfo.tcl
/share/instsww/synopsys_cs250/icc/current/auxx/gui/common/dialogs/NumberOfLevelsChooser.tcl
/share/instsww/synopsys_cs250/icc/current/auxx/gui/common/dialogs/WindowReuseInfo.tcl
/share/instsww/synopsys_cs250/icc/current/auxx/gui/common/dialogs/ReportOutputOptionInfo.tcl
/share/instsww/synopsys_cs250/icc/current/auxx/gui/common/setup/snpsCollections.tcl
/share/instsww/synopsys_cs250/icc/current/auxx/gui/common/dialogs/CompileLinkDesign.tcl
/share/instsww/synopsys_cs250/icc/current/auxx/gui/common/histogram/DialogEndpointSlack.tcl
/share/instsww/synopsys_cs250/icc/current/auxx/gui/common/histogram/DialogPathsSlack.tcl
/share/instsww/synopsys_cs250/icc/current/auxx/gui/common/histogram/DialogNetCapacitance.tcl
/share/instsww/synopsys_cs250/icc/current/auxx/gui/common/schematic/DialogPathSchematicFanInOut.tcl
/share/instsww/synopsys_cs250/icc/current/auxx/gui/common/schematic/DialogPathSchematicAddPaths.tcl
/share/instsww/synopsys_cs250/icc/current/auxx/gui/common/layout/preferences.tcl
/share/instsww/synopsys_cs250/icc/current/auxx/tcllib/lib/tk8.4/tk.tcl
/share/instsww/synopsys_cs250/icc/current/auxx/tcllib/lib/tcl8.4/msgcat/msgcat.tcl
/share/instsww/synopsys_cs250/icc/current/auxx/tcllib/lib/tk8.4/button.tcl
/share/instsww/synopsys_cs250/icc/current/auxx/tcllib/lib/tk8.4/entry.tcl
/share/instsww/synopsys_cs250/icc/current/auxx/tcllib/lib/tk8.4/listbox.tcl
/share/instsww/synopsys_cs250/icc/current/auxx/tcllib/lib/tk8.4/menu.tcl
/share/instsww/synopsys_cs250/icc/current/auxx/tcllib/lib/tk8.4/panedwindow.tcl
/share/instsww/synopsys_cs250/icc/current/auxx/tcllib/lib/tk8.4/scale.tcl
/share/instsww/synopsys_cs250/icc/current/auxx/tcllib/lib/tk8.4/scrlbar.tcl
/share/instsww/synopsys_cs250/icc/current/auxx/tcllib/lib/tk8.4/spinbox.tcl
/share/instsww/synopsys_cs250/icc/current/auxx/tcllib/lib/tk8.4/text.tcl
/share/instsww/synopsys_cs250/icc/current/auxx/tcllib/lib/tix8.1.4/Init.tcl
/share/instsww/synopsys_cs250/icc/current/auxx/tcllib/lib/tix8.1.4/Version.tcl
/share/instsww/synopsys_cs250/icc/current/auxx/tcllib/lib/tix8.1.4/UnixFile.tcl
/share/instsww/synopsys_cs250/icc/current/auxx/tcllib/lib/tix8.1.4/Tix.tcl
/share/instsww/synopsys_cs250/icc/current/auxx/tcllib/lib/tix8.1.4/fs.tcl
/share/instsww/synopsys_cs250/icc/current/auxx/tcllib/lib/tix8.1.4/pref/WmDefault.fsc
/share/instsww/synopsys_cs250/icc/current/auxx/tcllib/lib/tix8.1.4/pref/pkgIndex.tcl
/share/instsww/synopsys_cs250/icc/current/auxx/gui/syn/layout/pkgIndex.tcl
/share/instsww/synopsys_cs250/icc/current/auxx/gui/common/WindowFrameWork/pkgIndex.tcl
/share/instsww/synopsys_cs250/icc/current/auxx/gui/common/acg/pkgIndex.tcl
/share/instsww/synopsys_cs250/icc/current/auxx/gui/common/dialogs/pkgIndex.tcl
/share/instsww/synopsys_cs250/icc/current/auxx/gui/common/docBrowser/pkgIndex.tcl
/share/instsww/synopsys_cs250/icc/current/auxx/gui/common/fanoutviewer/pkgIndex.tcl
/share/instsww/synopsys_cs250/icc/current/auxx/gui/common/hierarchy/pkgIndex.tcl
/share/instsww/synopsys_cs250/icc/current/auxx/gui/common/highlight/pkgIndex.tcl
/share/instsww/synopsys_cs250/icc/current/auxx/gui/common/histogram/pkgIndex.tcl
/share/instsww/synopsys_cs250/icc/current/auxx/gui/common/layout/pkgIndex.tcl
/share/instsww/synopsys_cs250/icc/current/auxx/gui/common/libviewer/pkgIndex.tcl
/share/instsww/synopsys_cs250/icc/current/auxx/gui/common/menus/pkgIndex.tcl
/share/instsww/synopsys_cs250/icc/current/auxx/gui/common/misc/pkgIndex.tcl
/share/instsww/synopsys_cs250/icc/current/auxx/gui/common/opdlg/pkgIndex.tcl
/share/instsww/synopsys_cs250/icc/current/auxx/gui/common/pathinspector/pkgIndex.tcl
/share/instsww/synopsys_cs250/icc/current/auxx/gui/common/profiler/pkgIndex.tcl
/share/instsww/synopsys_cs250/icc/current/auxx/gui/common/qtcl/pkgIndex.tcl
/share/instsww/synopsys_cs250/icc/current/auxx/gui/common/regressionToolkit/pkgIndex.tcl
/share/instsww/synopsys_cs250/icc/current/auxx/gui/common/schematic/pkgIndex.tcl
/share/instsww/synopsys_cs250/icc/current/auxx/gui/common/select/pkgIndex.tcl
/share/instsww/synopsys_cs250/icc/current/auxx/gui/common/setup/pkgIndex.tcl
/share/instsww/synopsys_cs250/icc/current/auxx/gui/common/strokes/pkgIndex.tcl
/share/instsww/synopsys_cs250/icc/current/auxx/gui/common/table/pkgIndex.tcl
/share/instsww/synopsys_cs250/icc/current/auxx/gui/common/tcl-dp/pkgIndex.tcl
/share/instsww/synopsys_cs250/icc/current/auxx/gui/common/timing/pkgIndex.tcl
/share/instsww/synopsys_cs250/icc/current/auxx/gui/common/view/pkgIndex.tcl
/share/instsww/synopsys_cs250/icc/current/auxx/tcllib/snps_tcl/snpsTclPro/pkgIndex.tcl
/share/instsww/synopsys_cs250/icc/current/auxx/tcllib/snps_tcl/snpsTest/pkgIndex.tcl
/share/instsww/synopsys_cs250/icc/current/auxx/tcllib/snps_tcl/snpsUtils/pkgIndex.tcl
/share/instsww/synopsys_cs250/icc/current/auxx/tcllib/snps_tcl/pkgIndex.tcl
/share/instsww/synopsys_cs250/icc/current/auxx/tcllib/lib/tcl8.4/dde/pkgIndex.tcl
/share/instsww/synopsys_cs250/icc/current/auxx/tcllib/lib/tcl8.4/http/pkgIndex.tcl
/share/instsww/synopsys_cs250/icc/current/auxx/tcllib/lib/tcl8.4/http1.0/pkgIndex.tcl
/share/instsww/synopsys_cs250/icc/current/auxx/tcllib/lib/tcl8.4/msgcat/pkgIndex.tcl
/share/instsww/synopsys_cs250/icc/current/auxx/tcllib/lib/tcl8.4/opt/pkgIndex.tcl
/share/instsww/synopsys_cs250/icc/current/auxx/tcllib/lib/tcl8.4/reg/pkgIndex.tcl
/share/instsww/synopsys_cs250/icc/current/auxx/tcllib/lib/tcl8.4/tcltest/pkgIndex.tcl
/share/instsww/synopsys_cs250/icc/current/auxx/tcllib/lib/tix8.1.4/pref/WmDefault.tcl
/share/instsww/synopsys_cs250/icc/current/auxx/tcllib/lib/tix8.1.4/pref/WmDefault.csc
/share/instsww/synopsys_cs250/icc/current/auxx/tcllib/lib/tix8.1.4/HList.tcl
/share/instsww/synopsys_cs250/icc/current/auxx/tcllib/lib/tk8.4/unsupported.tcl
/share/instsww/synopsys_cs250/icc/current/auxx/tcllib/lib/tix8.1.4/Event.tcl
/share/instsww/synopsys_cs250/icc/current/auxx/tcllib/lib/tix8.1.4/TList.tcl
/share/instsww/synopsys_cs250/icc/current/auxx/tcllib/lib/tix8.1.4/Grid.tcl
/share/instsww/synopsys_cs250/icc/current/auxx/tcllib/lib/tix8.1.4/ComboBox.tcl
/share/instsww/synopsys_cs250/icc/current/auxx/tcllib/lib/tix8.1.4/LabWidg.tcl
/share/instsww/synopsys_cs250/icc/current/auxx/tcllib/lib/tix8.1.4/Primitiv.tcl
/share/instsww/synopsys_cs250/icc/current/auxx/tcllib/lib/tix8.1.4/Control.tcl
/share/instsww/synopsys_cs250/icc/current/auxx/tcllib/lib/tix8.1.4/FloatEnt.tcl
/share/instsww/synopsys_cs250/icc/current/auxx/tcllib/lib/tix8.1.4/LabEntry.tcl
/share/instsww/synopsys_cs250/icc/current/auxx/tcllib/lib/tix8.1.4/SGrid.tcl
/share/instsww/synopsys_cs250/icc/current/auxx/tcllib/lib/tix8.1.4/SWidget.tcl
/share/instsww/synopsys_cs250/icc/current/auxx/tcllib/lib/tix8.1.4/SListBox.tcl
/share/instsww/synopsys_cs250/icc/current/auxx/tcllib/lib/itk3.2/itk.tcl
/share/instsww/synopsys_cs250/icc/current/auxx/tcllib/lib/iwidgets4.0.2/lib/iwidgets/iwidgets.tcl
/share/instsww/synopsys_cs250/icc/current/auxx/gui/common/histogram/base.tcl
/share/instsww/synopsys_cs250/icc/current/auxx/gui/common/profiler/base.tcl
/share/instsww/synopsys_cs250/icc/current/auxx/gui/common/schematic/base.tcl
/share/instsww/synopsys_cs250/icc/current/auxx/gui/common/select/baseInternal.tcl
/share/instsww/synopsys_cs250/icc/current/auxx/gui/common/schematic/enable.tcl
/share/instsww/synopsys_cs250/icc/current/auxx/gui/common/schematic/netlist.tcl
/share/instsww/synopsys_cs250/icc/current/auxx/gui/common/schematic/method.tcl
/share/instsww/synopsys_cs250/icc/current/auxx/gui/common/misc/createViewType.tcl
/share/instsww/synopsys_cs250/icc/current/auxx/gui/common/menus/base.tcl
/share/instsww/synopsys_cs250/icc/current/auxx/gui/common/libviewer/base.tcl
/share/instsww/synopsys_cs250/icc/current/auxx/gui/common/misc/viewmgr.tcl
/share/instsww/synopsys_cs250/icc/current/auxx/gui/common/pathinspector/base.tcl
/share/instsww/synopsys_cs250/icc/current/auxx/gui/common/pathinspector/create_window_and_menu.tcl
/share/instsww/synopsys_cs250/icc/current/auxx/gui/common/layout/col_srv.tcl
/share/instsww/synopsys_cs250/icc/current/auxx/gui/common/layout/snpsVM.tcl
/share/instsww/synopsys_cs250/icc/current/auxx/gui/common/layout/layout.tcl
/share/instsww/synopsys_cs250/icc/current/auxx/gui/common/layout/snpsLayoutTools.tcl
/share/instsww/synopsys_cs250/icc/current/auxx/gui/common/layout/layout_layers.tcl
/share/instsww/synopsys_cs250/icc/current/auxx/gui/common/layout/snpsMM.tcl
/share/instsww/synopsys_cs250/icc/current/auxx/gui/common/misc/viewporthistory.tcl
/share/instsww/synopsys_cs250/icc/current/auxx/gui/syn/layout/snpsCellSlackVM.tcl
/share/instsww/synopsys_cs250/icc/current/auxx/gui/syn/layout/snpsPathsSlackVM.tcl
/share/instsww/synopsys_cs250/icc/current/auxx/gui/syn/layout/snpsNetCapacitanceVM.tcl
/share/instsww/synopsys_cs250/icc/current/auxx/gui/syn/layout/snpsClockLTVM.tcl
/share/instsww/synopsys_cs250/icc/current/auxx/gui/syn/layout/snpsIllegalCellPlacementVM.tcl
/share/instsww/synopsys_cs250/icc/current/auxx/gui/syn/layout/snpsScanChainVM.tcl
/share/instsww/synopsys_cs250/icc/current/auxx/gui/syn/layout/snpsVoltageAreaVM.tcl
/share/instsww/synopsys_cs250/icc/current/auxx/gui/syn/layout/snpsXTalkVM.tcl
/share/instsww/synopsys_cs250/icc/current/auxx/gui/syn/layout/snpsDeltaDelayVM.tcl
/share/instsww/synopsys_cs250/icc/current/auxx/gui/syn/layout/snpsNoiseVM.tcl
/share/instsww/synopsys_cs250/icc/current/auxx/gui/syn/layout/snpsCellDisplacementVM.tcl
/share/instsww/synopsys_cs250/icc/current/auxx/gui/syn/layout/snpsAreaNetConnectionVM.tcl
/share/instsww/synopsys_cs250/icc/current/auxx/gui/syn/layout/snpsImportedPathPinsVM.tcl
/share/instsww/synopsys_cs250/icc/current/auxx/gui/common/fanoutviewer/base.tcl
/share/instsww/synopsys_cs250/icc/current/auxx/gui/common/hierarchy/base.tcl
/share/instsww/synopsys_cs250/icc/current/auxx/gui/common/table/table.tcl
/share/instsww/synopsys_cs250/icc/current/auxx/gui/common/table/table_internal.tcl
/share/instsww/synopsys_cs250/icc/current/auxx/gui/common/table/table_customize.tcl
/share/instsww/synopsys_cs250/icc/current/auxx/gui/syn/layout/DialogVMCellSlack.tcl
/share/instsww/synopsys_cs250/icc/current/auxx/gui/syn/layout/DialogVMNetCapacitance.tcl
/share/instsww/synopsys_cs250/icc/current/auxx/gui/common/select/DialogSelectFanInOut.tcl
/share/instsww/synopsys_cs250/icc/current/auxx/gui/icc/hb_setup.tcl
/share/instsww/synopsys_cs250/icc/current/auxx/gui/icc/nb_setup.tcl
/share/instsww/synopsys_cs250/icc/current/auxx/gui/common/misc/infotip.tcl
/share/instsww/synopsys_cs250/icc/current/auxx/gui/common/acg/base.tcl
/share/instsww/synopsys_cs250/icc/current/auxx/syn/fp/bw/pkgIndex.tcl
/share/instsww/synopsys_cs250/icc/current/auxx/tcllib/lib/iwidgets4.0.2/lib/iwidgets/pkgIndex.tcl
/share/instsww/synopsys_cs250/icc/current/auxx/tcllib/lib/tix8.1.4/pref/pkgIndex.tcl
/share/instsww/synopsys_cs250/icc/current/auxx/gui/syn/layout/pkgIndex.tcl
/share/instsww/synopsys_cs250/icc/current/auxx/gui/common/WindowFrameWork/pkgIndex.tcl
/share/instsww/synopsys_cs250/icc/current/auxx/gui/common/acg/pkgIndex.tcl
/share/instsww/synopsys_cs250/icc/current/auxx/gui/common/dialogs/pkgIndex.tcl
/share/instsww/synopsys_cs250/icc/current/auxx/gui/common/docBrowser/pkgIndex.tcl
/share/instsww/synopsys_cs250/icc/current/auxx/gui/common/fanoutviewer/pkgIndex.tcl
/share/instsww/synopsys_cs250/icc/current/auxx/gui/common/hierarchy/pkgIndex.tcl
/share/instsww/synopsys_cs250/icc/current/auxx/gui/common/highlight/pkgIndex.tcl
/share/instsww/synopsys_cs250/icc/current/auxx/gui/common/histogram/pkgIndex.tcl
/share/instsww/synopsys_cs250/icc/current/auxx/gui/common/layout/pkgIndex.tcl
/share/instsww/synopsys_cs250/icc/current/auxx/gui/common/libviewer/pkgIndex.tcl
/share/instsww/synopsys_cs250/icc/current/auxx/gui/common/menus/pkgIndex.tcl
/share/instsww/synopsys_cs250/icc/current/auxx/gui/common/misc/pkgIndex.tcl
/share/instsww/synopsys_cs250/icc/current/auxx/gui/common/opdlg/pkgIndex.tcl
/share/instsww/synopsys_cs250/icc/current/auxx/gui/common/pathinspector/pkgIndex.tcl
/share/instsww/synopsys_cs250/icc/current/auxx/gui/common/profiler/pkgIndex.tcl
/share/instsww/synopsys_cs250/icc/current/auxx/gui/common/qtcl/pkgIndex.tcl
/share/instsww/synopsys_cs250/icc/current/auxx/gui/common/regressionToolkit/pkgIndex.tcl
/share/instsww/synopsys_cs250/icc/current/auxx/gui/common/schematic/pkgIndex.tcl
/share/instsww/synopsys_cs250/icc/current/auxx/gui/common/select/pkgIndex.tcl
/share/instsww/synopsys_cs250/icc/current/auxx/gui/common/setup/pkgIndex.tcl
/share/instsww/synopsys_cs250/icc/current/auxx/gui/common/strokes/pkgIndex.tcl
/share/instsww/synopsys_cs250/icc/current/auxx/gui/common/table/pkgIndex.tcl
/share/instsww/synopsys_cs250/icc/current/auxx/gui/common/tcl-dp/pkgIndex.tcl
/share/instsww/synopsys_cs250/icc/current/auxx/gui/common/timing/pkgIndex.tcl
/share/instsww/synopsys_cs250/icc/current/auxx/gui/common/view/pkgIndex.tcl
/share/instsww/synopsys_cs250/icc/current/auxx/tcllib/snps_tcl/snpsTclPro/pkgIndex.tcl
/share/instsww/synopsys_cs250/icc/current/auxx/tcllib/snps_tcl/snpsTest/pkgIndex.tcl
/share/instsww/synopsys_cs250/icc/current/auxx/tcllib/snps_tcl/snpsUtils/pkgIndex.tcl
/share/instsww/synopsys_cs250/icc/current/auxx/tcllib/snps_tcl/pkgIndex.tcl
/share/instsww/synopsys_cs250/icc/current/auxx/tcllib/lib/tcl8.4/dde/pkgIndex.tcl
/share/instsww/synopsys_cs250/icc/current/auxx/tcllib/lib/tcl8.4/http/pkgIndex.tcl
/share/instsww/synopsys_cs250/icc/current/auxx/tcllib/lib/tcl8.4/http1.0/pkgIndex.tcl
/share/instsww/synopsys_cs250/icc/current/auxx/tcllib/lib/tcl8.4/msgcat/pkgIndex.tcl
/share/instsww/synopsys_cs250/icc/current/auxx/tcllib/lib/tcl8.4/opt/pkgIndex.tcl
/share/instsww/synopsys_cs250/icc/current/auxx/tcllib/lib/tcl8.4/reg/pkgIndex.tcl
/share/instsww/synopsys_cs250/icc/current/auxx/tcllib/lib/tcl8.4/tcltest/pkgIndex.tcl
/share/instsww/synopsys_cs250/icc/current/auxx/syn/fp/bw/widget.tcl
/share/instsww/synopsys_cs250/icc/current/auxx/syn/fp/bw/init.tcl
/share/instsww/synopsys_cs250/icc/current/auxx/syn/fp/bw/utils.tcl
/share/instsww/synopsys_cs250/icc/current/auxx/syn/fp/hierplace3.tbc
/share/instsww/synopsys_cs250/icc/current/auxx/syn/fp/macropack3.tbc
/share/instsww/synopsys_cs250/icc/current/auxx/syn/fp/dfa_mae_etb.tbc
/home/cc/cs250/sp16/class/cs250-ai/garp/lab3/build/flo-vlsi/vlsi/build/icc-par.top/build-icc-2016-04-28_03-01/icc_setup.tcl
/home/cc/cs250/sp16/class/cs250-ai/garp/lab3/build/flo-vlsi/vlsi/build/icc-par.top/build-icc-2016-04-28_03-01/common_setup.tcl
/home/cc/cs250/sp16/class/cs250-ai/garp/lab3/build/flo-vlsi/vlsi/build/icc-par.top/build-icc-2016-04-28_03-01/make_generated_vars.tcl
/home/cc/cs250/sp16/class/cs250-ai/garp/lab3/build/flo-vlsi/vlsi/build/icc-par.top/build-icc-2016-04-28_03-01/check_icc_rm_values.tcl
/home/cc/cs250/sp16/class/cs250-ai/garp/lab3/build/flo-vlsi/vlsi/build/icc-par.top/build-icc-2016-04-28_03-01/GarpAccel_LIB
/home/ff/cs250/fa10/stdcells/synopsys-32nm/vendor/lib/stdcell_hvt/milkyway/saed32nm_hvt_1p9m
/home/ff/cs250/fa10/stdcells/synopsys-32nm/vendor/lib/stdcell_rvt/milkyway/saed32nm_rvt_1p9m
/home/ff/cs250/fa10/stdcells/synopsys-32nm/vendor/lib/stdcell_lvt/milkyway/saed32nm_lvt_1p9m
/home/cc/cs250/sp16/class/cs250-ai/garp/lab3/build/flo-vlsi/vlsi/build/generated-rams/sram8t17x64.mw
/home/cc/cs250/sp16/class/cs250-ai/garp/lab3/build/flo-vlsi/vlsi/build/icc-par.tile/build-icc-2016-04-28_03-12/TestBlockModule_LIB
/share/instsww/synopsys_cs250/icc/current/libraries/syn/gtech.db
/share/instsww/synopsys_cs250/icc/current/libraries/syn/standard.sldb
